[debug] [2022-01-24T10:11:14.865Z] ----------------------------------------------------------------------
[debug] [2022-01-24T10:11:14.867Z] Command:       C:\Program Files\nodejs\node.exe C:\Users\you\AppData\Roaming\npm\node_modules\firebase-tools\lib\bin\firebase.js init
[debug] [2022-01-24T10:11:14.868Z] CLI Version:   10.1.2
[debug] [2022-01-24T10:11:14.868Z] Platform:      win32
[debug] [2022-01-24T10:11:14.868Z] Node Version:  v14.18.1
[debug] [2022-01-24T10:11:14.869Z] Time:          Mon Jan 24 2022 12:11:14 GMT+0200 (Eastern European Standard Time)
[debug] [2022-01-24T10:11:14.870Z] ----------------------------------------------------------------------
[debug] 
[debug] [2022-01-24T10:11:14.880Z] > command requires scopes: ["email","openid","https://www.googleapis.com/auth/cloudplatformprojects.readonly","https://www.googleapis.com/auth/firebase","https://www.googleapis.com/auth/cloud-platform"]
[debug] [2022-01-24T10:11:14.880Z] > authorizing via signed-in user (yasmin.abdellh@gmail.com)
[info] 
     ######## #### ########  ######## ########     ###     ######  ########
     ##        ##  ##     ## ##       ##     ##  ##   ##  ##       ##
     ######    ##  ########  ######   ########  #########  ######  ######
     ##        ##  ##    ##  ##       ##     ## ##     ##       ## ##
     ##       #### ##     ## ######## ########  ##     ##  ######  ########

You're about to initialize a Firebase project in this directory:

  F:\daily impact\Angular\Project\ecommerceWithMosh

[info] 
=== Project Setup
[info] 
[info] First, let's associate this project directory with a Firebase project.
[info] You can create multiple project aliases by running firebase use --add, 
[info] but for now we'll just set up a default project.
[info] 
[debug] [2022-01-24T10:12:08.258Z] >>> [apiv2][query] GET https://firebase.googleapis.com/v1beta1/projects pageSize=100
[debug] [2022-01-24T10:12:09.025Z] <<< [apiv2][status] GET https://firebase.googleapis.com/v1beta1/projects 200
[debug] [2022-01-24T10:12:09.025Z] <<< [apiv2][body] GET https://firebase.googleapis.com/v1beta1/projects [omitted]
[info] i  Using project oshop-e574a (oshop) 
[info] 
=== Hosting Setup
[info] 
[info] Your public directory is the folder (relative to your project directory) that
[info] will contain Hosting assets to be uploaded with firebase deploy. If you
[info] have a build process for your assets, use your build's output directory.
[info] 
[info] +  Wrote public/404.html 
[debug] [2022-01-24T10:13:30.632Z] >>> [apiv2][query] GET https://www.gstatic.com/firebasejs/releases.json [none]
[debug] [2022-01-24T10:13:31.837Z] <<< [apiv2][status] GET https://www.gstatic.com/firebasejs/releases.json 200
[debug] [2022-01-24T10:13:31.837Z] <<< [apiv2][body] GET https://www.gstatic.com/firebasejs/releases.json {"current":{"version":"9.6.4","browserURL":"https://www.gstatic.com/firebasejs/9.6.4/firebase.js","packageURL":"https://www.gstatic.com/firebasejs/9.6.4/firebase.tgz"},"live":{"version":"9.6","browserURL":"https://www.gstatic.com/firebasejs/live/9.6/firebase.js","packageURL":"https://www.gstatic.com/firebasejs/live/9.6/firebase.tgz"},"components":{"analytics":"https://www.gstatic.com/firebasejs/9.6.4/firebase-analytics.js","app":"https://www.gstatic.com/firebasejs/9.6.4/firebase-app.js","app-check":"https://www.gstatic.com/firebasejs/9.6.4/firebase-app-check.js","auth":"https://www.gstatic.com/firebasejs/9.6.4/firebase-auth.js","auth/cordova":"https://www.gstatic.com/firebasejs/9.6.4/firebase-auth/cordova.js","auth/react-native":"https://www.gstatic.com/firebasejs/9.6.4/firebase-auth/react-native.js","functions":"https://www.gstatic.com/firebasejs/9.6.4/firebase-functions.js","firestore":"https://www.gstatic.com/firebasejs/9.6.4/firebase-firestore.js","firestore/lite":"https://www.gstatic.com/firebasejs/9.6.4/firebase-firestore/lite.js","storage":"https://www.gstatic.com/firebasejs/9.6.4/firebase-storage.js","performance":"https://www.gstatic.com/firebasejs/9.6.4/firebase-performance.js","remote-config":"https://www.gstatic.com/firebasejs/9.6.4/firebase-remote-config.js","messaging":"https://www.gstatic.com/firebasejs/9.6.4/firebase-messaging.js","messaging/sw":"https://www.gstatic.com/firebasejs/9.6.4/firebase-messaging/sw.js","database":"https://www.gstatic.com/firebasejs/9.6.4/firebase-database.js","firestore.memory":"https://www.gstatic.com/firebasejs/9.6.4/firebase-firestore.memory.js"}}
[info] +  Wrote public/index.html 
[info] 
[info] i  Detected a .git folder at F:\daily impact\Angular\Project\ecommerceWithMosh 
[info] i  Authorizing with GitHub to upload your service account to a GitHub repository's secrets store. 
[info] 
[info] Visit this URL on this device to log in:
[info] https://github.com/login/oauth/authorize?client_id=89cf50f02ac6aaed3484&state=182370499&redirect_uri=http%3A%2F%2Flocalhost%3A9005&scope=read%3Auser%20repo%20public_repo
[info] 
[info] Waiting for authentication...
[debug] [2022-01-24T10:13:49.373Z] >>> HTTP REQUEST POST https://github.com/login/oauth/access_token  
 {"client_id":"89cf50f02ac6aaed3484","client_secret":"3330d14abc895d9a74d5f17cd7a00711fa2c5bf0","code":"67c4b55a850ec31f5dba","redirect_uri":"http://localhost:9005","state":"182370499"}
[debug] [2022-01-24T10:13:52.525Z] <<< HTTP RESPONSE 200 {"server":"GitHub.com","date":"Mon, 24 Jan 2022 10:13:51 GMT","content-type":"application/json; charset=utf-8","transfer-encoding":"chunked","vary":"X-PJAX, X-PJAX-Container, Accept-Encoding, Accept, X-Requested-With","permissions-policy":"interest-cohort=()","etag":"W/\"c016d2b4982fb9d3368b96e72b157caa\"","cache-control":"max-age=0, private, must-revalidate","strict-transport-security":"max-age=31536000; includeSubdomains; preload","x-frame-options":"deny","x-content-type-options":"nosniff","x-xss-protection":"0","referrer-policy":"origin-when-cross-origin, strict-origin-when-cross-origin","expect-ct":"max-age=2592000, report-uri=\"https://api.github.com/_private/browser/errors\"","content-security-policy":"default-src 'none'; base-uri 'self'; block-all-mixed-content; child-src github.com/assets-cdn/worker/ gist.github.com/assets-cdn/worker/; connect-src 'self' uploads.github.com objects-origin.githubusercontent.com www.githubstatus.com collector.githubapp.com api.github.com github-cloud.s3.amazonaws.com github-production-repository-file-5c1aeb.s3.amazonaws.com github-production-upload-manifest-file-7fdce7.s3.amazonaws.com github-production-user-asset-6210df.s3.amazonaws.com cdn.optimizely.com logx.optimizely.com/v1/events translator.github.com wss://alive.github.com; font-src github.githubassets.com; form-action 'self' github.com gist.github.com objects-origin.githubusercontent.com; frame-ancestors 'none'; frame-src render.githubusercontent.com viewscreen.githubusercontent.com notebooks.githubusercontent.com; img-src 'self' data: github.githubassets.com identicons.github.com collector.githubapp.com github-cloud.s3.amazonaws.com secured-user-images.githubusercontent.com/ *.githubusercontent.com; manifest-src 'self'; media-src github.com user-images.githubusercontent.com/; script-src github.githubassets.com; style-src 'unsafe-inline' github.githubassets.com; worker-src github.com/assets-cdn/worker/ gist.github.com/assets-cdn/worker/","x-github-request-id":"CF3C:57A8:13D0CE9:168ACC8:61EE7BDE"}
[debug] [2022-01-24T10:13:52.545Z] >>> [apiv2][query] GET https://api.github.com/user [none]
[debug] [2022-01-24T10:13:53.565Z] <<< [apiv2][status] GET https://api.github.com/user 200
[debug] [2022-01-24T10:13:53.565Z] <<< [apiv2][body] GET https://api.github.com/user {"login":"yasminkasem66","id":40964618,"node_id":"MDQ6VXNlcjQwOTY0NjE4","avatar_url":"https://avatars.githubusercontent.com/u/40964618?v=4","gravatar_id":"","url":"https://api.github.com/users/yasminkasem66","html_url":"https://github.com/yasminkasem66","followers_url":"https://api.github.com/users/yasminkasem66/followers","following_url":"https://api.github.com/users/yasminkasem66/following{/other_user}","gists_url":"https://api.github.com/users/yasminkasem66/gists{/gist_id}","starred_url":"https://api.github.com/users/yasminkasem66/starred{/owner}{/repo}","subscriptions_url":"https://api.github.com/users/yasminkasem66/subscriptions","organizations_url":"https://api.github.com/users/yasminkasem66/orgs","repos_url":"https://api.github.com/users/yasminkasem66/repos","events_url":"https://api.github.com/users/yasminkasem66/events{/privacy}","received_events_url":"https://api.github.com/users/yasminkasem66/received_events","type":"User","site_admin":false,"name":null,"company":null,"blog":"","location":null,"email":null,"hireable":null,"bio":null,"twitter_username":null,"public_repos":51,"public_gists":0,"followers":4,"following":2,"created_at":"2018-07-08T18:25:47Z","updated_at":"2022-01-24T10:13:43Z","private_gists":0,"total_private_repos":6,"owned_private_repos":6,"disk_usage":71632,"collaborators":3,"two_factor_authentication":false,"plan":{"name":"free","space":976562499,"collaborators":0,"private_repos":10000}}
[info] 
[info] +  Success! Logged into GitHub as yasminkasem66 
[info] 
[debug] [2022-01-24T10:15:30.911Z] >>> [apiv2][query] GET https://api.github.com/repos/https://github.com/yasminkasem66/ecommerceWithMosh.git/actions/secrets/public-key type=owner
[debug] [2022-01-24T10:15:32.637Z] <<< [apiv2][status] GET https://api.github.com/repos/https://github.com/yasminkasem66/ecommerceWithMosh.git/actions/secrets/public-key 404
[debug] [2022-01-24T10:15:32.637Z] <<< [apiv2][body] GET https://api.github.com/repos/https://github.com/yasminkasem66/ecommerceWithMosh.git/actions/secrets/public-key {"message":"Not Found","documentation_url":"https://docs.github.com/rest"}
[debug] [2022-01-24T10:16:49.400Z] >>> [apiv2][query] GET https://api.github.com/repos/https://github.com/yasminkasem66/ecommerceWithMosh.git/actions/secrets/public-key type=owner
[debug] [2022-01-24T10:16:50.295Z] <<< [apiv2][status] GET https://api.github.com/repos/https://github.com/yasminkasem66/ecommerceWithMosh.git/actions/secrets/public-key 404
[debug] [2022-01-24T10:16:50.295Z] <<< [apiv2][body] GET https://api.github.com/repos/https://github.com/yasminkasem66/ecommerceWithMosh.git/actions/secrets/public-key {"message":"Not Found","documentation_url":"https://docs.github.com/rest"}
[debug] [2022-01-24T10:17:17.975Z] >>> [apiv2][query] GET https://api.github.com/repos/https://github.com/yasminkasem66/ecommerceWithMosh.git/actions/secrets/public-key type=owner
[debug] [2022-01-24T10:17:30.359Z] <<< [apiv2][status] GET https://api.github.com/repos/https://github.com/yasminkasem66/ecommerceWithMosh.git/actions/secrets/public-key 404
[debug] [2022-01-24T10:17:30.359Z] <<< [apiv2][body] GET https://api.github.com/repos/https://github.com/yasminkasem66/ecommerceWithMosh.git/actions/secrets/public-key {"message":"Not Found","documentation_url":"https://docs.github.com/rest"}
[debug] [2022-01-24T10:17:39.991Z] >>> [apiv2][query] GET https://api.github.com/repos//actions/secrets/public-key type=owner
[debug] [2022-01-24T10:17:40.559Z] <<< [apiv2][status] GET https://api.github.com/repos//actions/secrets/public-key 404
[debug] [2022-01-24T10:17:40.559Z] <<< [apiv2][body] GET https://api.github.com/repos//actions/secrets/public-key {"message":"Not Found","documentation_url":"https://docs.github.com/rest"}
[debug] [2022-01-24T10:17:42.167Z] >>> [apiv2][query] GET https://api.github.com/repos//actions/secrets/public-key type=owner
[debug] [2022-01-24T10:17:43.024Z] <<< [apiv2][status] GET https://api.github.com/repos//actions/secrets/public-key 404
[debug] [2022-01-24T10:17:43.024Z] <<< [apiv2][body] GET https://api.github.com/repos//actions/secrets/public-key {"message":"Not Found","documentation_url":"https://docs.github.com/rest"}
[debug] [2022-01-24T10:18:28.471Z] >>> [apiv2][query] GET https://api.github.com/repos//actions/secrets/public-key type=owner
[debug] [2022-01-24T10:18:30.664Z] <<< [apiv2][status] GET https://api.github.com/repos//actions/secrets/public-key 404
[debug] [2022-01-24T10:18:30.665Z] <<< [apiv2][body] GET https://api.github.com/repos//actions/secrets/public-key {"message":"Not Found","documentation_url":"https://docs.github.com/rest"}
[debug] [2022-01-24T10:24:12.807Z] >>> [apiv2][query] GET https://api.github.com/repos/https://github.com/yasminkasem66/ecommerceWithMosh.git/actions/secrets/public-key type=owner
[debug] [2022-01-24T10:24:13.554Z] <<< [apiv2][status] GET https://api.github.com/repos/https://github.com/yasminkasem66/ecommerceWithMosh.git/actions/secrets/public-key 404
[debug] [2022-01-24T10:24:13.554Z] <<< [apiv2][body] GET https://api.github.com/repos/https://github.com/yasminkasem66/ecommerceWithMosh.git/actions/secrets/public-key {"message":"Not Found","documentation_url":"https://docs.github.com/rest"}
[debug] [2022-01-24T10:24:14.838Z] >>> [apiv2][query] GET https://api.github.com/repos/https://github.com/yasminkasem66/ecommerceWithMosh.git/actions/secrets/public-key type=owner
[debug] [2022-01-24T10:24:15.369Z] <<< [apiv2][status] GET https://api.github.com/repos/https://github.com/yasminkasem66/ecommerceWithMosh.git/actions/secrets/public-key 404
[debug] [2022-01-24T10:24:15.370Z] <<< [apiv2][body] GET https://api.github.com/repos/https://github.com/yasminkasem66/ecommerceWithMosh.git/actions/secrets/public-key {"message":"Not Found","documentation_url":"https://docs.github.com/rest"}
[debug] [2022-01-24T10:24:15.958Z] >>> [apiv2][query] GET https://api.github.com/repos/https://github.com/yasminkasem66/ecommerceWithMosh.git/actions/secrets/public-key type=owner
[debug] [2022-01-24T10:24:16.483Z] <<< [apiv2][status] GET https://api.github.com/repos/https://github.com/yasminkasem66/ecommerceWithMosh.git/actions/secrets/public-key 404
[debug] [2022-01-24T10:24:16.484Z] <<< [apiv2][body] GET https://api.github.com/repos/https://github.com/yasminkasem66/ecommerceWithMosh.git/actions/secrets/public-key {"message":"Not Found","documentation_url":"https://docs.github.com/rest"}
[debug] [2022-01-24T10:24:18.679Z] >>> [apiv2][query] GET https://api.github.com/repos/https://github.com/yasminkasem66/ecommerceWithMosh.git/actions/secrets/public-key type=owner
[debug] [2022-01-24T10:24:19.425Z] <<< [apiv2][status] GET https://api.github.com/repos/https://github.com/yasminkasem66/ecommerceWithMosh.git/actions/secrets/public-key 404
[debug] [2022-01-24T10:24:19.425Z] <<< [apiv2][body] GET https://api.github.com/repos/https://github.com/yasminkasem66/ecommerceWithMosh.git/actions/secrets/public-key {"message":"Not Found","documentation_url":"https://docs.github.com/rest"}
[debug] [2022-01-24T10:24:50.006Z] >>> [apiv2][query] GET https://api.github.com/repos/github.com/yasminkasem66/ecommerceWithMosh.git/actions/secrets/public-key type=owner
[debug] [2022-01-24T10:24:50.470Z] <<< [apiv2][status] GET https://api.github.com/repos/github.com/yasminkasem66/ecommerceWithMosh.git/actions/secrets/public-key 404
[debug] [2022-01-24T10:24:50.471Z] <<< [apiv2][body] GET https://api.github.com/repos/github.com/yasminkasem66/ecommerceWithMosh.git/actions/secrets/public-key {"message":"Not Found","documentation_url":"https://docs.github.com/rest"}
[debug] [2022-01-24T10:24:51.414Z] >>> [apiv2][query] GET https://api.github.com/repos/github.com/yasminkasem66/ecommerceWithMosh.git/actions/secrets/public-key type=owner
[debug] [2022-01-24T10:24:51.887Z] <<< [apiv2][status] GET https://api.github.com/repos/github.com/yasminkasem66/ecommerceWithMosh.git/actions/secrets/public-key 404
[debug] [2022-01-24T10:24:51.887Z] <<< [apiv2][body] GET https://api.github.com/repos/github.com/yasminkasem66/ecommerceWithMosh.git/actions/secrets/public-key {"message":"Not Found","documentation_url":"https://docs.github.com/rest"}
[debug] [2022-01-24T10:25:00.311Z] >>> [apiv2][query] GET https://api.github.com/repos//yasminkasem66/ecommerceWithMosh.git/actions/secrets/public-key type=owner
[debug] [2022-01-24T10:25:01.352Z] <<< [apiv2][status] GET https://api.github.com/repos//yasminkasem66/ecommerceWithMosh.git/actions/secrets/public-key 404
[debug] [2022-01-24T10:25:01.352Z] <<< [apiv2][body] GET https://api.github.com/repos//yasminkasem66/ecommerceWithMosh.git/actions/secrets/public-key {"message":"Not Found","documentation_url":"https://docs.github.com/rest"}
[debug] [2022-01-24T10:25:14.807Z] >>> [apiv2][query] GET https://api.github.com/repos/https:yasminkasem66/ecommerceWithMosh.git/actions/secrets/public-key type=owner
[debug] [2022-01-24T10:25:16.059Z] <<< [apiv2][status] GET https://api.github.com/repos/https:yasminkasem66/ecommerceWithMosh.git/actions/secrets/public-key 404
[debug] [2022-01-24T10:25:16.059Z] <<< [apiv2][body] GET https://api.github.com/repos/https:yasminkasem66/ecommerceWithMosh.git/actions/secrets/public-key {"message":"Not Found","documentation_url":"https://docs.github.com/rest/reference/actions#get-a-repository-public-key"}
